<?xml version="1.0" encoding="UTF-8"?>
<!-- Generated by org.testng.reporters.JUnitReportReporter -->
<testsuite skipped="0" hostname="DESKTOP-U4TDB48" name="com.selmavpro.Testscripts.Payamt" tests="1" failures="0" timestamp="12 Feb 2021 13:13:30 GMT" time="28.193" errors="0">
  <testcase name="Testcase3" time="28.193" classname="com.selmavpro.Testscripts.Payamt"/>
</testsuite> <!-- com.selmavpro.Testscripts.Payamt -->
