<?xml version="1.0" encoding="UTF-8"?>
<!-- Generated by org.testng.reporters.JUnitReportReporter -->
<testsuite skipped="0" hostname="DESKTOP-U4TDB48" name="com.selmavpro.Testscripts.Addingtocart" tests="1" failures="0" timestamp="10 Feb 2021 16:32:04 GMT" time="11.360" errors="0">
  <testcase name="Testcase1" time="11.360" classname="com.selmavpro.Testscripts.Addingtocart"/>
</testsuite> <!-- com.selmavpro.Testscripts.Addingtocart -->
