<?xml version="1.0" encoding="UTF-8"?>
<!-- Generated by org.testng.reporters.JUnitReportReporter -->
<testsuite skipped="0" hostname="DESKTOP-U4TDB48" name="com.selmavpro.Testscripts.Addingtocart" tests="1" failures="0" timestamp="12 Feb 2021 15:51:33 GMT" time="13.624" errors="0">
  <testcase name="Testcase1" time="13.624" classname="com.selmavpro.Testscripts.Addingtocart"/>
</testsuite> <!-- com.selmavpro.Testscripts.Addingtocart -->
