<?xml version="1.0" encoding="UTF-8"?>
<!-- Generated by org.testng.reporters.JUnitReportReporter -->
<testsuite skipped="0" hostname="DESKTOP-U4TDB48" name="com.selmavpro.Testscripts.LIkeFb" tests="1" failures="0" timestamp="12 Feb 2021 13:11:34 GMT" time="18.958" errors="0">
  <testcase name="Testcase2" time="18.958" classname="com.selmavpro.Testscripts.LIkeFb"/>
</testsuite> <!-- com.selmavpro.Testscripts.LIkeFb -->
